<?xml version="1.0" encoding="UTF-8"?>
<testsuite name="CalculatorTest" tests="4" skipped="0" failures="0" errors="0" timestamp="2023-11-25T17:39:43" hostname="DESKTOP-07J9V8A" time="0.156">
  <properties/>
  <testcase name="givenValidInput_whenDivide_shouldCallDivideOperator" classname="CalculatorTest" time="0.151"/>
  <testcase name="givenValidInput_whenSubtract_shouldCallSubtractOperator" classname="CalculatorTest" time="0.001"/>
  <testcase name="givenValidInput_whenAdd_shouldCallAddOperator" classname="CalculatorTest" time="0.002"/>
  <testcase name="givenValidInput_whenMultiply_shouldCallMultiplyOperator" classname="CalculatorTest" time="0.001"/>
  <system-out><![CDATA[]]></system-out>
  <system-err><![CDATA[]]></system-err>
</testsuite>
